2015-02-12 11:03:58,475 [localhost-startStop-1] ERROR StackTrace  - Full Stack Trace:
org.springframework.beans.factory.BeanCreationException: Error creating bean with name 'transactionManagerPostProcessor': Initialization of bean failed; nested exception is org.springframework.beans.factory.BeanCreationException: Error creating bean with name 'transactionManager': Cannot resolve reference to bean 'sessionFactory' while setting bean property 'sessionFactory'; nested exception is org.springframework.beans.factory.BeanCreationException: Error creating bean with name 'sessionFactory': Invocation of init method failed; nested exception is groovy.lang.MissingPropertyException: No such property: createdBy for class: com.linksharing.Topic
Possible solutions: createdBy
	at org.springframework.beans.factory.support.AbstractAutowireCapableBeanFactory.doCreateBean(AbstractAutowireCapableBeanFactory.java:547)
	at org.springframework.beans.factory.support.AbstractAutowireCapableBeanFactory.createBean(AbstractAutowireCapableBeanFactory.java:475)
	at org.springframework.beans.factory.support.AbstractBeanFactory$1.getObject(AbstractBeanFactory.java:302)
	at org.springframework.beans.factory.support.DefaultSingletonBeanRegistry.getSingleton(DefaultSingletonBeanRegistry.java:228)
	at org.springframework.beans.factory.support.AbstractBeanFactory.doGetBean(AbstractBeanFactory.java:298)
	at org.springframework.beans.factory.support.AbstractBeanFactory.getBean(AbstractBeanFactory.java:198)
	at org.springframework.context.support.PostProcessorRegistrationDelegate.registerBeanPostProcessors(PostProcessorRegistrationDelegate.java:199)
	at org.springframework.context.support.AbstractApplicationContext.registerBeanPostProcessors(AbstractApplicationContext.java:620)
	at org.springframework.context.support.AbstractApplicationContext.refresh(AbstractApplicationContext.java:467)
	at org.codehaus.groovy.grails.commons.spring.DefaultRuntimeSpringConfiguration.getApplicationContext(DefaultRuntimeSpringConfiguration.java:156)
	at org.codehaus.groovy.grails.commons.spring.GrailsRuntimeConfigurator.initializeContext(GrailsRuntimeConfigurator.java:188)
	at org.codehaus.groovy.grails.commons.spring.GrailsRuntimeConfigurator.configure(GrailsRuntimeConfigurator.java:168)
	at org.codehaus.groovy.grails.commons.spring.GrailsRuntimeConfigurator.configure(GrailsRuntimeConfigurator.java:127)
	at org.codehaus.groovy.grails.web.context.GrailsConfigUtils.configureWebApplicationContext(GrailsConfigUtils.java:126)
	at org.codehaus.groovy.grails.web.context.GrailsContextLoaderListener.initWebApplicationContext(GrailsContextLoaderListener.java:109)
	at org.springframework.web.context.ContextLoaderListener.contextInitialized(ContextLoaderListener.java:106)
	at org.apache.catalina.core.StandardContext.listenerStart(StandardContext.java:4992)
	at org.apache.catalina.core.StandardContext.startInternal(StandardContext.java:5490)
	at org.apache.catalina.util.LifecycleBase.start(LifecycleBase.java:150)
	at org.apache.catalina.core.ContainerBase$StartChild.call(ContainerBase.java:1575)
	at org.apache.catalina.core.ContainerBase$StartChild.call(ContainerBase.java:1565)
	at java.util.concurrent.FutureTask.run(FutureTask.java:262)
	at java.util.concurrent.ThreadPoolExecutor.runWorker(ThreadPoolExecutor.java:1145)
	at java.util.concurrent.ThreadPoolExecutor$Worker.run(ThreadPoolExecutor.java:615)
	at java.lang.Thread.run(Thread.java:745)
Caused by: org.springframework.beans.factory.BeanCreationException: Error creating bean with name 'transactionManager': Cannot resolve reference to bean 'sessionFactory' while setting bean property 'sessionFactory'; nested exception is org.springframework.beans.factory.BeanCreationException: Error creating bean with name 'sessionFactory': Invocation of init method failed; nested exception is groovy.lang.MissingPropertyException: No such property: createdBy for class: com.linksharing.Topic
Possible solutions: createdBy
	at org.springframework.beans.factory.support.BeanDefinitionValueResolver.resolveReference(BeanDefinitionValueResolver.java:336)
	at org.springframework.beans.factory.support.BeanDefinitionValueResolver.resolveValueIfNecessary(BeanDefinitionValueResolver.java:108)
	at org.springframework.beans.factory.support.AbstractAutowireCapableBeanFactory.applyPropertyValues(AbstractAutowireCapableBeanFactory.java:1457)
	at org.springframework.beans.factory.support.AbstractAutowireCapableBeanFactory.populateBean(AbstractAutowireCapableBeanFactory.java:1198)
	at org.springframework.beans.factory.support.AbstractAutowireCapableBeanFactory.doCreateBean(AbstractAutowireCapableBeanFactory.java:537)
	at org.springframework.beans.factory.support.AbstractAutowireCapableBeanFactory.createBean(AbstractAutowireCapableBeanFactory.java:475)
	at org.springframework.beans.factory.support.AbstractBeanFactory$1.getObject(AbstractBeanFactory.java:302)
	at org.springframework.beans.factory.support.DefaultSingletonBeanRegistry.getSingleton(DefaultSingletonBeanRegistry.java:228)
	at org.springframework.beans.factory.support.AbstractBeanFactory.doGetBean(AbstractBeanFactory.java:298)
	at org.springframework.beans.factory.support.AbstractBeanFactory.getBean(AbstractBeanFactory.java:198)
	at org.codehaus.groovy.grails.orm.support.TransactionManagerPostProcessor.initialize(TransactionManagerPostProcessor.java:74)
	at org.codehaus.groovy.grails.orm.support.TransactionManagerPostProcessor.setBeanFactory(TransactionManagerPostProcessor.java:52)
	at org.springframework.beans.factory.support.AbstractAutowireCapableBeanFactory.invokeAwareMethods(AbstractAutowireCapableBeanFactory.java:1573)
	at org.springframework.beans.factory.support.AbstractAutowireCapableBeanFactory.initializeBean(AbstractAutowireCapableBeanFactory.java:1541)
	at org.springframework.beans.factory.support.AbstractAutowireCapableBeanFactory.doCreateBean(AbstractAutowireCapableBeanFactory.java:539)
	... 24 more
Caused by: org.springframework.beans.factory.BeanCreationException: Error creating bean with name 'sessionFactory': Invocation of init method failed; nested exception is groovy.lang.MissingPropertyException: No such property: createdBy for class: com.linksharing.Topic
Possible solutions: createdBy
	at org.springframework.beans.factory.support.AbstractAutowireCapableBeanFactory.initializeBean(AbstractAutowireCapableBeanFactory.java:1554)
	at org.springframework.beans.factory.support.AbstractAutowireCapableBeanFactory.doCreateBean(AbstractAutowireCapableBeanFactory.java:539)
	at org.springframework.beans.factory.support.AbstractAutowireCapableBeanFactory.createBean(AbstractAutowireCapableBeanFactory.java:475)
	at org.springframework.beans.factory.support.AbstractBeanFactory$1.getObject(AbstractBeanFactory.java:302)
	at org.springframework.beans.factory.support.DefaultSingletonBeanRegistry.getSingleton(DefaultSingletonBeanRegistry.java:228)
	at org.springframework.beans.factory.support.AbstractBeanFactory.doGetBean(AbstractBeanFactory.java:298)
	at org.springframework.beans.factory.support.AbstractBeanFactory.getBean(AbstractBeanFactory.java:193)
	at org.springframework.beans.factory.support.BeanDefinitionValueResolver.resolveReference(BeanDefinitionValueResolver.java:328)
	... 38 more
Caused by: groovy.lang.MissingPropertyException: No such property: createdBy for class: com.linksharing.Topic
Possible solutions: createdBy
	at groovy.lang.MetaClassImpl.invokeStaticMissingProperty(MetaClassImpl.java:996)
	at groovy.lang.MetaClassImpl.getProperty(MetaClassImpl.java:1851)
	at groovy.lang.ExpandoMetaClass.getProperty(ExpandoMetaClass.java:1140)
	at groovy.lang.MetaClassImpl.getProperty(MetaClassImpl.java:1827)
	at groovy.lang.ExpandoMetaClass.getProperty(ExpandoMetaClass.java:1140)
	at groovy.lang.MetaClassImpl.getProperty(MetaClassImpl.java:3690)
	at groovy.lang.ExpandoMetaClass.getProperty(ExpandoMetaClass.java:1152)
	at org.codehaus.groovy.grails.validation.ConstrainedPropertyBuilder.getProperty(ConstrainedPropertyBuilder.java:81)
	at org.codehaus.groovy.runtime.InvokerHelper.getProperty(InvokerHelper.java:168)
	at groovy.lang.Closure.getProperty(Closure.java:298)
	at com.linksharing.Topic$__clinit__closure1.getProperty(Topic.groovy)
	at org.codehaus.groovy.runtime.callsite.PogoGetPropertySite.getProperty(PogoGetPropertySite.java:47)
	at org.codehaus.groovy.runtime.callsite.AbstractCallSite.callGroovyObjectGetProperty(AbstractCallSite.java:231)
	at com.linksharing.Topic$__clinit__closure1.doCall(Topic.groovy:10)
	at com.linksharing.Topic$__clinit__closure1.doCall(Topic.groovy)
	at sun.reflect.NativeMethodAccessorImpl.invoke0(Native Method)
	at sun.reflect.NativeMethodAccessorImpl.invoke(NativeMethodAccessorImpl.java:57)
	at sun.reflect.DelegatingMethodAccessorImpl.invoke(DelegatingMethodAccessorImpl.java:43)
	at java.lang.reflect.Method.invoke(Method.java:606)
	at org.springsource.loaded.ri.ReflectiveInterceptor.jlrMethodInvoke(ReflectiveInterceptor.java:1270)
	at org.codehaus.groovy.reflection.CachedMethod.invoke(CachedMethod.java:90)
	at groovy.lang.MetaMethod.doMethodInvoke(MetaMethod.java:324)
	at groovy.lang.MetaClassImpl.invokeMethod(MetaClassImpl.java:1207)
	at groovy.lang.ExpandoMetaClass.invokeMethod(ExpandoMetaClass.java:1110)
	at groovy.lang.MetaClassImpl.invokeMethod(MetaClassImpl.java:1016)
	at groovy.lang.Closure.call(Closure.java:423)
	at com.linksharing.Topic$__clinit__closure1.call(Topic.groovy)
	at groovy.lang.Closure.call(Closure.java:417)
	at com.linksharing.Topic$__clinit__closure1.call(Topic.groovy)
	at org.codehaus.groovy.grails.validation.DefaultConstraintEvaluator.evaluateConstraints(DefaultConstraintEvaluator.java:123)
	at org.codehaus.groovy.grails.validation.DefaultConstraintEvaluator.evaluateConstraints(DefaultConstraintEvaluator.java:90)
	at org.codehaus.groovy.grails.validation.DefaultConstraintEvaluator.evaluate(DefaultConstraintEvaluator.java:316)
	at org.codehaus.groovy.grails.commons.DefaultGrailsDomainClass.initializeConstraints(DefaultGrailsDomainClass.java:756)
	at org.codehaus.groovy.grails.commons.DefaultGrailsDomainClass.getConstrainedProperties(DefaultGrailsDomainClass.java:747)
	at org.codehaus.groovy.grails.commons.DefaultGrailsDomainClassProperty.isOptional(DefaultGrailsDomainClassProperty.java:215)
	at org.codehaus.groovy.grails.orm.hibernate.cfg.AbstractGrailsDomainBinder.bindColumn(AbstractGrailsDomainBinder.java:2768)
	at org.codehaus.groovy.grails.orm.hibernate.cfg.AbstractGrailsDomainBinder.bindSimpleValue(AbstractGrailsDomainBinder.java:2674)
	at org.codehaus.groovy.grails.orm.hibernate.cfg.AbstractGrailsDomainBinder.bindSimpleValue(AbstractGrailsDomainBinder.java:2615)
	at org.codehaus.groovy.grails.orm.hibernate.cfg.AbstractGrailsDomainBinder.bindSimpleId(AbstractGrailsDomainBinder.java:2448)
	at org.codehaus.groovy.grails.orm.hibernate.cfg.AbstractGrailsDomainBinder.bindIdentity(AbstractGrailsDomainBinder.java:1740)
	at org.codehaus.groovy.grails.orm.hibernate.cfg.AbstractGrailsDomainBinder.bindRootPersistentClassCommonValues(AbstractGrailsDomainBinder.java:1719)
	at org.codehaus.groovy.grails.orm.hibernate.cfg.AbstractGrailsDomainBinder.bindRoot(AbstractGrailsDomainBinder.java:1412)
	at org.codehaus.groovy.grails.orm.hibernate.cfg.AbstractGrailsDomainBinder.bindClass(AbstractGrailsDomainBinder.java:1224)
	at org.codehaus.groovy.grails.orm.hibernate.cfg.GrailsAnnotationConfiguration.secondPassCompile(GrailsAnnotationConfiguration.java:167)
	at org.hibernate.cfg.Configuration.buildSessionFactory(Configuration.java:1844)
	at org.codehaus.groovy.grails.orm.hibernate.cfg.GrailsAnnotationConfiguration.buildSessionFactory(GrailsAnnotationConfiguration.java:372)
	at org.codehaus.groovy.grails.orm.hibernate.ConfigurableLocalSessionFactoryBean.doBuildSessionFactory(ConfigurableLocalSessionFactoryBean.java:479)
	at org.codehaus.groovy.grails.orm.hibernate.ConfigurableLocalSessionFactoryBean.buildSessionFactory(ConfigurableLocalSessionFactoryBean.java:473)
	at org.codehaus.groovy.grails.orm.hibernate.ConfigurableLocalSessionFactoryBean.afterPropertiesSet(ConfigurableLocalSessionFactoryBean.java:387)
	at org.springframework.beans.factory.support.AbstractAutowireCapableBeanFactory.invokeInitMethods(AbstractAutowireCapableBeanFactory.java:1613)
	at org.springframework.beans.factory.support.AbstractAutowireCapableBeanFactory.initializeBean(AbstractAutowireCapableBeanFactory.java:1550)
	... 45 more
2015-02-12 11:03:58,581 [localhost-startStop-1] ERROR StackTrace  - Full Stack Trace:
org.springframework.beans.factory.BeanCreationException: Error creating bean with name 'transactionManager': Cannot resolve reference to bean 'sessionFactory' while setting bean property 'sessionFactory'; nested exception is org.springframework.beans.factory.BeanCreationException: Error creating bean with name 'sessionFactory': Invocation of init method failed; nested exception is groovy.lang.MissingPropertyException: No such property: createdBy for class: com.linksharing.Topic
Possible solutions: createdBy
	at org.springframework.beans.factory.support.BeanDefinitionValueResolver.resolveReference(BeanDefinitionValueResolver.java:336)
	at org.springframework.beans.factory.support.BeanDefinitionValueResolver.resolveValueIfNecessary(BeanDefinitionValueResolver.java:108)
	at org.springframework.beans.factory.support.AbstractAutowireCapableBeanFactory.applyPropertyValues(AbstractAutowireCapableBeanFactory.java:1457)
	at org.springframework.beans.factory.support.AbstractAutowireCapableBeanFactory.populateBean(AbstractAutowireCapableBeanFactory.java:1198)
	at org.springframework.beans.factory.support.AbstractAutowireCapableBeanFactory.doCreateBean(AbstractAutowireCapableBeanFactory.java:537)
	at org.springframework.beans.factory.support.AbstractAutowireCapableBeanFactory.createBean(AbstractAutowireCapableBeanFactory.java:475)
	at org.springframework.beans.factory.support.AbstractBeanFactory$1.getObject(AbstractBeanFactory.java:302)
	at org.springframework.beans.factory.support.DefaultSingletonBeanRegistry.getSingleton(DefaultSingletonBeanRegistry.java:228)
	at org.springframework.beans.factory.support.AbstractBeanFactory.doGetBean(AbstractBeanFactory.java:298)
	at org.springframework.beans.factory.support.AbstractBeanFactory.getBean(AbstractBeanFactory.java:198)
	at org.codehaus.groovy.grails.orm.support.TransactionManagerPostProcessor.initialize(TransactionManagerPostProcessor.java:74)
	at org.codehaus.groovy.grails.orm.support.TransactionManagerPostProcessor.setBeanFactory(TransactionManagerPostProcessor.java:52)
	at org.springframework.beans.factory.support.AbstractAutowireCapableBeanFactory.invokeAwareMethods(AbstractAutowireCapableBeanFactory.java:1573)
	at org.springframework.beans.factory.support.AbstractAutowireCapableBeanFactory.initializeBean(AbstractAutowireCapableBeanFactory.java:1541)
	at org.springframework.beans.factory.support.AbstractAutowireCapableBeanFactory.doCreateBean(AbstractAutowireCapableBeanFactory.java:539)
	at org.springframework.beans.factory.support.AbstractAutowireCapableBeanFactory.createBean(AbstractAutowireCapableBeanFactory.java:475)
	at org.springframework.beans.factory.support.AbstractBeanFactory$1.getObject(AbstractBeanFactory.java:302)
	at org.springframework.beans.factory.support.DefaultSingletonBeanRegistry.getSingleton(DefaultSingletonBeanRegistry.java:228)
	at org.springframework.beans.factory.support.AbstractBeanFactory.doGetBean(AbstractBeanFactory.java:298)
	at org.springframework.beans.factory.support.AbstractBeanFactory.getBean(AbstractBeanFactory.java:198)
	at org.springframework.context.support.PostProcessorRegistrationDelegate.registerBeanPostProcessors(PostProcessorRegistrationDelegate.java:199)
	at org.springframework.context.support.AbstractApplicationContext.registerBeanPostProcessors(AbstractApplicationContext.java:620)
	at org.springframework.context.support.AbstractApplicationContext.refresh(AbstractApplicationContext.java:467)
	at org.codehaus.groovy.grails.commons.spring.DefaultRuntimeSpringConfiguration.getApplicationContext(DefaultRuntimeSpringConfiguration.java:156)
	at org.codehaus.groovy.grails.commons.spring.GrailsRuntimeConfigurator.initializeContext(GrailsRuntimeConfigurator.java:188)
	at org.codehaus.groovy.grails.commons.spring.GrailsRuntimeConfigurator.configure(GrailsRuntimeConfigurator.java:168)
	at org.codehaus.groovy.grails.commons.spring.GrailsRuntimeConfigurator.configure(GrailsRuntimeConfigurator.java:127)
	at org.codehaus.groovy.grails.web.context.GrailsConfigUtils.configureWebApplicationContext(GrailsConfigUtils.java:126)
	at org.codehaus.groovy.grails.web.context.GrailsContextLoaderListener.initWebApplicationContext(GrailsContextLoaderListener.java:109)
	at org.springframework.web.context.ContextLoaderListener.contextInitialized(ContextLoaderListener.java:106)
	at org.apache.catalina.core.StandardContext.listenerStart(StandardContext.java:4992)
	at org.apache.catalina.core.StandardContext.startInternal(StandardContext.java:5490)
	at org.apache.catalina.util.LifecycleBase.start(LifecycleBase.java:150)
	at org.apache.catalina.core.ContainerBase$StartChild.call(ContainerBase.java:1575)
	at org.apache.catalina.core.ContainerBase$StartChild.call(ContainerBase.java:1565)
	at java.util.concurrent.FutureTask.run(FutureTask.java:262)
	at java.util.concurrent.ThreadPoolExecutor.runWorker(ThreadPoolExecutor.java:1145)
	at java.util.concurrent.ThreadPoolExecutor$Worker.run(ThreadPoolExecutor.java:615)
	at java.lang.Thread.run(Thread.java:745)
Caused by: org.springframework.beans.factory.BeanCreationException: Error creating bean with name 'sessionFactory': Invocation of init method failed; nested exception is groovy.lang.MissingPropertyException: No such property: createdBy for class: com.linksharing.Topic
Possible solutions: createdBy
	at org.springframework.beans.factory.support.AbstractAutowireCapableBeanFactory.initializeBean(AbstractAutowireCapableBeanFactory.java:1554)
	at org.springframework.beans.factory.support.AbstractAutowireCapableBeanFactory.doCreateBean(AbstractAutowireCapableBeanFactory.java:539)
	at org.springframework.beans.factory.support.AbstractAutowireCapableBeanFactory.createBean(AbstractAutowireCapableBeanFactory.java:475)
	at org.springframework.beans.factory.support.AbstractBeanFactory$1.getObject(AbstractBeanFactory.java:302)
	at org.springframework.beans.factory.support.DefaultSingletonBeanRegistry.getSingleton(DefaultSingletonBeanRegistry.java:228)
	at org.springframework.beans.factory.support.AbstractBeanFactory.doGetBean(AbstractBeanFactory.java:298)
	at org.springframework.beans.factory.support.AbstractBeanFactory.getBean(AbstractBeanFactory.java:193)
	at org.springframework.beans.factory.support.BeanDefinitionValueResolver.resolveReference(BeanDefinitionValueResolver.java:328)
	... 38 more
Caused by: groovy.lang.MissingPropertyException: No such property: createdBy for class: com.linksharing.Topic
Possible solutions: createdBy
	at groovy.lang.MetaClassImpl.invokeStaticMissingProperty(MetaClassImpl.java:996)
	at groovy.lang.MetaClassImpl.getProperty(MetaClassImpl.java:1851)
	at groovy.lang.ExpandoMetaClass.getProperty(ExpandoMetaClass.java:1140)
	at groovy.lang.MetaClassImpl.getProperty(MetaClassImpl.java:1827)
	at groovy.lang.ExpandoMetaClass.getProperty(ExpandoMetaClass.java:1140)
	at groovy.lang.MetaClassImpl.getProperty(MetaClassImpl.java:3690)
	at groovy.lang.ExpandoMetaClass.getProperty(ExpandoMetaClass.java:1152)
	at org.codehaus.groovy.grails.validation.ConstrainedPropertyBuilder.getProperty(ConstrainedPropertyBuilder.java:81)
	at org.codehaus.groovy.runtime.InvokerHelper.getProperty(InvokerHelper.java:168)
	at groovy.lang.Closure.getProperty(Closure.java:298)
	at com.linksharing.Topic$__clinit__closure1.getProperty(Topic.groovy)
	at org.codehaus.groovy.runtime.callsite.PogoGetPropertySite.getProperty(PogoGetPropertySite.java:47)
	at org.codehaus.groovy.runtime.callsite.AbstractCallSite.callGroovyObjectGetProperty(AbstractCallSite.java:231)
	at com.linksharing.Topic$__clinit__closure1.doCall(Topic.groovy:10)
	at com.linksharing.Topic$__clinit__closure1.doCall(Topic.groovy)
	at sun.reflect.NativeMethodAccessorImpl.invoke0(Native Method)
	at sun.reflect.NativeMethodAccessorImpl.invoke(NativeMethodAccessorImpl.java:57)
	at sun.reflect.DelegatingMethodAccessorImpl.invoke(DelegatingMethodAccessorImpl.java:43)
	at java.lang.reflect.Method.invoke(Method.java:606)
	at org.springsource.loaded.ri.ReflectiveInterceptor.jlrMethodInvoke(ReflectiveInterceptor.java:1270)
	at org.codehaus.groovy.reflection.CachedMethod.invoke(CachedMethod.java:90)
	at groovy.lang.MetaMethod.doMethodInvoke(MetaMethod.java:324)
	at groovy.lang.MetaClassImpl.invokeMethod(MetaClassImpl.java:1207)
	at groovy.lang.ExpandoMetaClass.invokeMethod(ExpandoMetaClass.java:1110)
	at groovy.lang.MetaClassImpl.invokeMethod(MetaClassImpl.java:1016)
	at groovy.lang.Closure.call(Closure.java:423)
	at com.linksharing.Topic$__clinit__closure1.call(Topic.groovy)
	at groovy.lang.Closure.call(Closure.java:417)
	at com.linksharing.Topic$__clinit__closure1.call(Topic.groovy)
	at org.codehaus.groovy.grails.validation.DefaultConstraintEvaluator.evaluateConstraints(DefaultConstraintEvaluator.java:123)
	at org.codehaus.groovy.grails.validation.DefaultConstraintEvaluator.evaluateConstraints(DefaultConstraintEvaluator.java:90)
	at org.codehaus.groovy.grails.validation.DefaultConstraintEvaluator.evaluate(DefaultConstraintEvaluator.java:316)
	at org.codehaus.groovy.grails.commons.DefaultGrailsDomainClass.initializeConstraints(DefaultGrailsDomainClass.java:756)
	at org.codehaus.groovy.grails.commons.DefaultGrailsDomainClass.getConstrainedProperties(DefaultGrailsDomainClass.java:747)
	at org.codehaus.groovy.grails.commons.DefaultGrailsDomainClassProperty.isOptional(DefaultGrailsDomainClassProperty.java:215)
	at org.codehaus.groovy.grails.orm.hibernate.cfg.AbstractGrailsDomainBinder.bindColumn(AbstractGrailsDomainBinder.java:2768)
	at org.codehaus.groovy.grails.orm.hibernate.cfg.AbstractGrailsDomainBinder.bindSimpleValue(AbstractGrailsDomainBinder.java:2674)
	at org.codehaus.groovy.grails.orm.hibernate.cfg.AbstractGrailsDomainBinder.bindSimpleValue(AbstractGrailsDomainBinder.java:2615)
	at org.codehaus.groovy.grails.orm.hibernate.cfg.AbstractGrailsDomainBinder.bindSimpleId(AbstractGrailsDomainBinder.java:2448)
	at org.codehaus.groovy.grails.orm.hibernate.cfg.AbstractGrailsDomainBinder.bindIdentity(AbstractGrailsDomainBinder.java:1740)
	at org.codehaus.groovy.grails.orm.hibernate.cfg.AbstractGrailsDomainBinder.bindRootPersistentClassCommonValues(AbstractGrailsDomainBinder.java:1719)
	at org.codehaus.groovy.grails.orm.hibernate.cfg.AbstractGrailsDomainBinder.bindRoot(AbstractGrailsDomainBinder.java:1412)
	at org.codehaus.groovy.grails.orm.hibernate.cfg.AbstractGrailsDomainBinder.bindClass(AbstractGrailsDomainBinder.java:1224)
	at org.codehaus.groovy.grails.orm.hibernate.cfg.GrailsAnnotationConfiguration.secondPassCompile(GrailsAnnotationConfiguration.java:167)
	at org.hibernate.cfg.Configuration.buildSessionFactory(Configuration.java:1844)
	at org.codehaus.groovy.grails.orm.hibernate.cfg.GrailsAnnotationConfiguration.buildSessionFactory(GrailsAnnotationConfiguration.java:372)
	at org.codehaus.groovy.grails.orm.hibernate.ConfigurableLocalSessionFactoryBean.doBuildSessionFactory(ConfigurableLocalSessionFactoryBean.java:479)
	at org.codehaus.groovy.grails.orm.hibernate.ConfigurableLocalSessionFactoryBean.buildSessionFactory(ConfigurableLocalSessionFactoryBean.java:473)
	at org.codehaus.groovy.grails.orm.hibernate.ConfigurableLocalSessionFactoryBean.afterPropertiesSet(ConfigurableLocalSessionFactoryBean.java:387)
	at org.springframework.beans.factory.support.AbstractAutowireCapableBeanFactory.invokeInitMethods(AbstractAutowireCapableBeanFactory.java:1613)
	at org.springframework.beans.factory.support.AbstractAutowireCapableBeanFactory.initializeBean(AbstractAutowireCapableBeanFactory.java:1550)
	... 45 more
2015-02-12 11:03:58,744 [localhost-startStop-1] ERROR StackTrace  - Full Stack Trace:
org.springframework.beans.factory.BeanCreationException: Error creating bean with name 'sessionFactory': Invocation of init method failed; nested exception is groovy.lang.MissingPropertyException: No such property: createdBy for class: com.linksharing.Topic
Possible solutions: createdBy
	at org.springframework.beans.factory.support.AbstractAutowireCapableBeanFactory.initializeBean(AbstractAutowireCapableBeanFactory.java:1554)
	at org.springframework.beans.factory.support.AbstractAutowireCapableBeanFactory.doCreateBean(AbstractAutowireCapableBeanFactory.java:539)
	at org.springframework.beans.factory.support.AbstractAutowireCapableBeanFactory.createBean(AbstractAutowireCapableBeanFactory.java:475)
	at org.springframework.beans.factory.support.AbstractBeanFactory$1.getObject(AbstractBeanFactory.java:302)
	at org.springframework.beans.factory.support.DefaultSingletonBeanRegistry.getSingleton(DefaultSingletonBeanRegistry.java:228)
	at org.springframework.beans.factory.support.AbstractBeanFactory.doGetBean(AbstractBeanFactory.java:298)
	at org.springframework.beans.factory.support.AbstractBeanFactory.getBean(AbstractBeanFactory.java:193)
	at org.springframework.beans.factory.support.BeanDefinitionValueResolver.resolveReference(BeanDefinitionValueResolver.java:328)
	at org.springframework.beans.factory.support.BeanDefinitionValueResolver.resolveValueIfNecessary(BeanDefinitionValueResolver.java:108)
	at org.springframework.beans.factory.support.AbstractAutowireCapableBeanFactory.applyPropertyValues(AbstractAutowireCapableBeanFactory.java:1457)
	at org.springframework.beans.factory.support.AbstractAutowireCapableBeanFactory.populateBean(AbstractAutowireCapableBeanFactory.java:1198)
	at org.springframework.beans.factory.support.AbstractAutowireCapableBeanFactory.doCreateBean(AbstractAutowireCapableBeanFactory.java:537)
	at org.springframework.beans.factory.support.AbstractAutowireCapableBeanFactory.createBean(AbstractAutowireCapableBeanFactory.java:475)
	at org.springframework.beans.factory.support.AbstractBeanFactory$1.getObject(AbstractBeanFactory.java:302)
	at org.springframework.beans.factory.support.DefaultSingletonBeanRegistry.getSingleton(DefaultSingletonBeanRegistry.java:228)
	at org.springframework.beans.factory.support.AbstractBeanFactory.doGetBean(AbstractBeanFactory.java:298)
	at org.springframework.beans.factory.support.AbstractBeanFactory.getBean(AbstractBeanFactory.java:198)
	at org.codehaus.groovy.grails.orm.support.TransactionManagerPostProcessor.initialize(TransactionManagerPostProcessor.java:74)
	at org.codehaus.groovy.grails.orm.support.TransactionManagerPostProcessor.setBeanFactory(TransactionManagerPostProcessor.java:52)
	at org.springframework.beans.factory.support.AbstractAutowireCapableBeanFactory.invokeAwareMethods(AbstractAutowireCapableBeanFactory.java:1573)
	at org.springframework.beans.factory.support.AbstractAutowireCapableBeanFactory.initializeBean(AbstractAutowireCapableBeanFactory.java:1541)
	at org.springframework.beans.factory.support.AbstractAutowireCapableBeanFactory.doCreateBean(AbstractAutowireCapableBeanFactory.java:539)
	at org.springframework.beans.factory.support.AbstractAutowireCapableBeanFactory.createBean(AbstractAutowireCapableBeanFactory.java:475)
	at org.springframework.beans.factory.support.AbstractBeanFactory$1.getObject(AbstractBeanFactory.java:302)
	at org.springframework.beans.factory.support.DefaultSingletonBeanRegistry.getSingleton(DefaultSingletonBeanRegistry.java:228)
	at org.springframework.beans.factory.support.AbstractBeanFactory.doGetBean(AbstractBeanFactory.java:298)
	at org.springframework.beans.factory.support.AbstractBeanFactory.getBean(AbstractBeanFactory.java:198)
	at org.springframework.context.support.PostProcessorRegistrationDelegate.registerBeanPostProcessors(PostProcessorRegistrationDelegate.java:199)
	at org.springframework.context.support.AbstractApplicationContext.registerBeanPostProcessors(AbstractApplicationContext.java:620)
	at org.springframework.context.support.AbstractApplicationContext.refresh(AbstractApplicationContext.java:467)
	at org.codehaus.groovy.grails.commons.spring.DefaultRuntimeSpringConfiguration.getApplicationContext(DefaultRuntimeSpringConfiguration.java:156)
	at org.codehaus.groovy.grails.commons.spring.GrailsRuntimeConfigurator.initializeContext(GrailsRuntimeConfigurator.java:188)
	at org.codehaus.groovy.grails.commons.spring.GrailsRuntimeConfigurator.configure(GrailsRuntimeConfigurator.java:168)
	at org.codehaus.groovy.grails.commons.spring.GrailsRuntimeConfigurator.configure(GrailsRuntimeConfigurator.java:127)
	at org.codehaus.groovy.grails.web.context.GrailsConfigUtils.configureWebApplicationContext(GrailsConfigUtils.java:126)
	at org.codehaus.groovy.grails.web.context.GrailsContextLoaderListener.initWebApplicationContext(GrailsContextLoaderListener.java:109)
	at org.springframework.web.context.ContextLoaderListener.contextInitialized(ContextLoaderListener.java:106)
	at org.apache.catalina.core.StandardContext.listenerStart(StandardContext.java:4992)
	at org.apache.catalina.core.StandardContext.startInternal(StandardContext.java:5490)
	at org.apache.catalina.util.LifecycleBase.start(LifecycleBase.java:150)
	at org.apache.catalina.core.ContainerBase$StartChild.call(ContainerBase.java:1575)
	at org.apache.catalina.core.ContainerBase$StartChild.call(ContainerBase.java:1565)
	at java.util.concurrent.FutureTask.run(FutureTask.java:262)
	at java.util.concurrent.ThreadPoolExecutor.runWorker(ThreadPoolExecutor.java:1145)
	at java.util.concurrent.ThreadPoolExecutor$Worker.run(ThreadPoolExecutor.java:615)
	at java.lang.Thread.run(Thread.java:745)
Caused by: groovy.lang.MissingPropertyException: No such property: createdBy for class: com.linksharing.Topic
Possible solutions: createdBy
	at groovy.lang.MetaClassImpl.invokeStaticMissingProperty(MetaClassImpl.java:996)
	at groovy.lang.MetaClassImpl.getProperty(MetaClassImpl.java:1851)
	at groovy.lang.ExpandoMetaClass.getProperty(ExpandoMetaClass.java:1140)
	at groovy.lang.MetaClassImpl.getProperty(MetaClassImpl.java:1827)
	at groovy.lang.ExpandoMetaClass.getProperty(ExpandoMetaClass.java:1140)
	at groovy.lang.MetaClassImpl.getProperty(MetaClassImpl.java:3690)
	at groovy.lang.ExpandoMetaClass.getProperty(ExpandoMetaClass.java:1152)
	at org.codehaus.groovy.grails.validation.ConstrainedPropertyBuilder.getProperty(ConstrainedPropertyBuilder.java:81)
	at org.codehaus.groovy.runtime.InvokerHelper.getProperty(InvokerHelper.java:168)
	at groovy.lang.Closure.getProperty(Closure.java:298)
	at com.linksharing.Topic$__clinit__closure1.getProperty(Topic.groovy)
	at org.codehaus.groovy.runtime.callsite.PogoGetPropertySite.getProperty(PogoGetPropertySite.java:47)
	at org.codehaus.groovy.runtime.callsite.AbstractCallSite.callGroovyObjectGetProperty(AbstractCallSite.java:231)
	at com.linksharing.Topic$__clinit__closure1.doCall(Topic.groovy:10)
	at com.linksharing.Topic$__clinit__closure1.doCall(Topic.groovy)
	at sun.reflect.NativeMethodAccessorImpl.invoke0(Native Method)
	at sun.reflect.NativeMethodAccessorImpl.invoke(NativeMethodAccessorImpl.java:57)
	at sun.reflect.DelegatingMethodAccessorImpl.invoke(DelegatingMethodAccessorImpl.java:43)
	at java.lang.reflect.Method.invoke(Method.java:606)
	at org.springsource.loaded.ri.ReflectiveInterceptor.jlrMethodInvoke(ReflectiveInterceptor.java:1270)
	at org.codehaus.groovy.reflection.CachedMethod.invoke(CachedMethod.java:90)
	at groovy.lang.MetaMethod.doMethodInvoke(MetaMethod.java:324)
	at groovy.lang.MetaClassImpl.invokeMethod(MetaClassImpl.java:1207)
	at groovy.lang.ExpandoMetaClass.invokeMethod(ExpandoMetaClass.java:1110)
	at groovy.lang.MetaClassImpl.invokeMethod(MetaClassImpl.java:1016)
	at groovy.lang.Closure.call(Closure.java:423)
	at com.linksharing.Topic$__clinit__closure1.call(Topic.groovy)
	at groovy.lang.Closure.call(Closure.java:417)
	at com.linksharing.Topic$__clinit__closure1.call(Topic.groovy)
	at org.codehaus.groovy.grails.validation.DefaultConstraintEvaluator.evaluateConstraints(DefaultConstraintEvaluator.java:123)
	at org.codehaus.groovy.grails.validation.DefaultConstraintEvaluator.evaluateConstraints(DefaultConstraintEvaluator.java:90)
	at org.codehaus.groovy.grails.validation.DefaultConstraintEvaluator.evaluate(DefaultConstraintEvaluator.java:316)
	at org.codehaus.groovy.grails.commons.DefaultGrailsDomainClass.initializeConstraints(DefaultGrailsDomainClass.java:756)
	at org.codehaus.groovy.grails.commons.DefaultGrailsDomainClass.getConstrainedProperties(DefaultGrailsDomainClass.java:747)
	at org.codehaus.groovy.grails.commons.DefaultGrailsDomainClassProperty.isOptional(DefaultGrailsDomainClassProperty.java:215)
	at org.codehaus.groovy.grails.orm.hibernate.cfg.AbstractGrailsDomainBinder.bindColumn(AbstractGrailsDomainBinder.java:2768)
	at org.codehaus.groovy.grails.orm.hibernate.cfg.AbstractGrailsDomainBinder.bindSimpleValue(AbstractGrailsDomainBinder.java:2674)
	at org.codehaus.groovy.grails.orm.hibernate.cfg.AbstractGrailsDomainBinder.bindSimpleValue(AbstractGrailsDomainBinder.java:2615)
	at org.codehaus.groovy.grails.orm.hibernate.cfg.AbstractGrailsDomainBinder.bindSimpleId(AbstractGrailsDomainBinder.java:2448)
	at org.codehaus.groovy.grails.orm.hibernate.cfg.AbstractGrailsDomainBinder.bindIdentity(AbstractGrailsDomainBinder.java:1740)
	at org.codehaus.groovy.grails.orm.hibernate.cfg.AbstractGrailsDomainBinder.bindRootPersistentClassCommonValues(AbstractGrailsDomainBinder.java:1719)
	at org.codehaus.groovy.grails.orm.hibernate.cfg.AbstractGrailsDomainBinder.bindRoot(AbstractGrailsDomainBinder.java:1412)
	at org.codehaus.groovy.grails.orm.hibernate.cfg.AbstractGrailsDomainBinder.bindClass(AbstractGrailsDomainBinder.java:1224)
	at org.codehaus.groovy.grails.orm.hibernate.cfg.GrailsAnnotationConfiguration.secondPassCompile(GrailsAnnotationConfiguration.java:167)
	at org.hibernate.cfg.Configuration.buildSessionFactory(Configuration.java:1844)
	at org.codehaus.groovy.grails.orm.hibernate.cfg.GrailsAnnotationConfiguration.buildSessionFactory(GrailsAnnotationConfiguration.java:372)
	at org.codehaus.groovy.grails.orm.hibernate.ConfigurableLocalSessionFactoryBean.doBuildSessionFactory(ConfigurableLocalSessionFactoryBean.java:479)
	at org.codehaus.groovy.grails.orm.hibernate.ConfigurableLocalSessionFactoryBean.buildSessionFactory(ConfigurableLocalSessionFactoryBean.java:473)
	at org.codehaus.groovy.grails.orm.hibernate.ConfigurableLocalSessionFactoryBean.afterPropertiesSet(ConfigurableLocalSessionFactoryBean.java:387)
	at org.springframework.beans.factory.support.AbstractAutowireCapableBeanFactory.invokeInitMethods(AbstractAutowireCapableBeanFactory.java:1613)
	at org.springframework.beans.factory.support.AbstractAutowireCapableBeanFactory.initializeBean(AbstractAutowireCapableBeanFactory.java:1550)
	... 45 more
2015-02-12 11:03:58,773 [localhost-startStop-1] ERROR StackTrace  - Full Stack Trace:
groovy.lang.MissingPropertyException: No such property: createdBy for class: com.linksharing.Topic
Possible solutions: createdBy
	at groovy.lang.MetaClassImpl.invokeStaticMissingProperty(MetaClassImpl.java:996)
	at groovy.lang.MetaClassImpl.getProperty(MetaClassImpl.java:1851)
	at groovy.lang.ExpandoMetaClass.getProperty(ExpandoMetaClass.java:1140)
	at groovy.lang.MetaClassImpl.getProperty(MetaClassImpl.java:1827)
	at groovy.lang.ExpandoMetaClass.getProperty(ExpandoMetaClass.java:1140)
	at groovy.lang.MetaClassImpl.getProperty(MetaClassImpl.java:3690)
	at groovy.lang.ExpandoMetaClass.getProperty(ExpandoMetaClass.java:1152)
	at org.codehaus.groovy.grails.validation.ConstrainedPropertyBuilder.getProperty(ConstrainedPropertyBuilder.java:81)
	at org.codehaus.groovy.runtime.InvokerHelper.getProperty(InvokerHelper.java:168)
	at groovy.lang.Closure.getProperty(Closure.java:298)
	at com.linksharing.Topic$__clinit__closure1.getProperty(Topic.groovy)
	at org.codehaus.groovy.runtime.callsite.PogoGetPropertySite.getProperty(PogoGetPropertySite.java:47)
	at org.codehaus.groovy.runtime.callsite.AbstractCallSite.callGroovyObjectGetProperty(AbstractCallSite.java:231)
	at com.linksharing.Topic$__clinit__closure1.doCall(Topic.groovy:10)
	at com.linksharing.Topic$__clinit__closure1.doCall(Topic.groovy)
	at sun.reflect.NativeMethodAccessorImpl.invoke0(Native Method)
	at sun.reflect.NativeMethodAccessorImpl.invoke(NativeMethodAccessorImpl.java:57)
	at sun.reflect.DelegatingMethodAccessorImpl.invoke(DelegatingMethodAccessorImpl.java:43)
	at java.lang.reflect.Method.invoke(Method.java:606)
	at org.springsource.loaded.ri.ReflectiveInterceptor.jlrMethodInvoke(ReflectiveInterceptor.java:1270)
	at org.codehaus.groovy.reflection.CachedMethod.invoke(CachedMethod.java:90)
	at groovy.lang.MetaMethod.doMethodInvoke(MetaMethod.java:324)
	at groovy.lang.MetaClassImpl.invokeMethod(MetaClassImpl.java:1207)
	at groovy.lang.ExpandoMetaClass.invokeMethod(ExpandoMetaClass.java:1110)
	at groovy.lang.MetaClassImpl.invokeMethod(MetaClassImpl.java:1016)
	at groovy.lang.Closure.call(Closure.java:423)
	at com.linksharing.Topic$__clinit__closure1.call(Topic.groovy)
	at groovy.lang.Closure.call(Closure.java:417)
	at com.linksharing.Topic$__clinit__closure1.call(Topic.groovy)
	at org.codehaus.groovy.grails.validation.DefaultConstraintEvaluator.evaluateConstraints(DefaultConstraintEvaluator.java:123)
	at org.codehaus.groovy.grails.validation.DefaultConstraintEvaluator.evaluateConstraints(DefaultConstraintEvaluator.java:90)
	at org.codehaus.groovy.grails.validation.DefaultConstraintEvaluator.evaluate(DefaultConstraintEvaluator.java:316)
	at org.codehaus.groovy.grails.commons.DefaultGrailsDomainClass.initializeConstraints(DefaultGrailsDomainClass.java:756)
	at org.codehaus.groovy.grails.commons.DefaultGrailsDomainClass.getConstrainedProperties(DefaultGrailsDomainClass.java:747)
	at org.codehaus.groovy.grails.commons.DefaultGrailsDomainClassProperty.isOptional(DefaultGrailsDomainClassProperty.java:215)
	at org.codehaus.groovy.grails.orm.hibernate.cfg.AbstractGrailsDomainBinder.bindColumn(AbstractGrailsDomainBinder.java:2768)
	at org.codehaus.groovy.grails.orm.hibernate.cfg.AbstractGrailsDomainBinder.bindSimpleValue(AbstractGrailsDomainBinder.java:2674)
	at org.codehaus.groovy.grails.orm.hibernate.cfg.AbstractGrailsDomainBinder.bindSimpleValue(AbstractGrailsDomainBinder.java:2615)
	at org.codehaus.groovy.grails.orm.hibernate.cfg.AbstractGrailsDomainBinder.bindSimpleId(AbstractGrailsDomainBinder.java:2448)
	at org.codehaus.groovy.grails.orm.hibernate.cfg.AbstractGrailsDomainBinder.bindIdentity(AbstractGrailsDomainBinder.java:1740)
	at org.codehaus.groovy.grails.orm.hibernate.cfg.AbstractGrailsDomainBinder.bindRootPersistentClassCommonValues(AbstractGrailsDomainBinder.java:1719)
	at org.codehaus.groovy.grails.orm.hibernate.cfg.AbstractGrailsDomainBinder.bindRoot(AbstractGrailsDomainBinder.java:1412)
	at org.codehaus.groovy.grails.orm.hibernate.cfg.AbstractGrailsDomainBinder.bindClass(AbstractGrailsDomainBinder.java:1224)
	at org.codehaus.groovy.grails.orm.hibernate.cfg.GrailsAnnotationConfiguration.secondPassCompile(GrailsAnnotationConfiguration.java:167)
	at org.hibernate.cfg.Configuration.buildSessionFactory(Configuration.java:1844)
	at org.codehaus.groovy.grails.orm.hibernate.cfg.GrailsAnnotationConfiguration.buildSessionFactory(GrailsAnnotationConfiguration.java:372)
	at org.codehaus.groovy.grails.orm.hibernate.ConfigurableLocalSessionFactoryBean.doBuildSessionFactory(ConfigurableLocalSessionFactoryBean.java:479)
	at org.codehaus.groovy.grails.orm.hibernate.ConfigurableLocalSessionFactoryBean.buildSessionFactory(ConfigurableLocalSessionFactoryBean.java:473)
	at org.codehaus.groovy.grails.orm.hibernate.ConfigurableLocalSessionFactoryBean.afterPropertiesSet(ConfigurableLocalSessionFactoryBean.java:387)
	at org.springframework.beans.factory.support.AbstractAutowireCapableBeanFactory.invokeInitMethods(AbstractAutowireCapableBeanFactory.java:1613)
	at org.springframework.beans.factory.support.AbstractAutowireCapableBeanFactory.initializeBean(AbstractAutowireCapableBeanFactory.java:1550)
	at org.springframework.beans.factory.support.AbstractAutowireCapableBeanFactory.doCreateBean(AbstractAutowireCapableBeanFactory.java:539)
	at org.springframework.beans.factory.support.AbstractAutowireCapableBeanFactory.createBean(AbstractAutowireCapableBeanFactory.java:475)
	at org.springframework.beans.factory.support.AbstractBeanFactory$1.getObject(AbstractBeanFactory.java:302)
	at org.springframework.beans.factory.support.DefaultSingletonBeanRegistry.getSingleton(DefaultSingletonBeanRegistry.java:228)
	at org.springframework.beans.factory.support.AbstractBeanFactory.doGetBean(AbstractBeanFactory.java:298)
	at org.springframework.beans.factory.support.AbstractBeanFactory.getBean(AbstractBeanFactory.java:193)
	at org.springframework.beans.factory.support.BeanDefinitionValueResolver.resolveReference(BeanDefinitionValueResolver.java:328)
	at org.springframework.beans.factory.support.BeanDefinitionValueResolver.resolveValueIfNecessary(BeanDefinitionValueResolver.java:108)
	at org.springframework.beans.factory.support.AbstractAutowireCapableBeanFactory.applyPropertyValues(AbstractAutowireCapableBeanFactory.java:1457)
	at org.springframework.beans.factory.support.AbstractAutowireCapableBeanFactory.populateBean(AbstractAutowireCapableBeanFactory.java:1198)
	at org.springframework.beans.factory.support.AbstractAutowireCapableBeanFactory.doCreateBean(AbstractAutowireCapableBeanFactory.java:537)
	at org.springframework.beans.factory.support.AbstractAutowireCapableBeanFactory.createBean(AbstractAutowireCapableBeanFactory.java:475)
	at org.springframework.beans.factory.support.AbstractBeanFactory$1.getObject(AbstractBeanFactory.java:302)
	at org.springframework.beans.factory.support.DefaultSingletonBeanRegistry.getSingleton(DefaultSingletonBeanRegistry.java:228)
	at org.springframework.beans.factory.support.AbstractBeanFactory.doGetBean(AbstractBeanFactory.java:298)
	at org.springframework.beans.factory.support.AbstractBeanFactory.getBean(AbstractBeanFactory.java:198)
	at org.codehaus.groovy.grails.orm.support.TransactionManagerPostProcessor.initialize(TransactionManagerPostProcessor.java:74)
	at org.codehaus.groovy.grails.orm.support.TransactionManagerPostProcessor.setBeanFactory(TransactionManagerPostProcessor.java:52)
	at org.springframework.beans.factory.support.AbstractAutowireCapableBeanFactory.invokeAwareMethods(AbstractAutowireCapableBeanFactory.java:1573)
	at org.springframework.beans.factory.support.AbstractAutowireCapableBeanFactory.initializeBean(AbstractAutowireCapableBeanFactory.java:1541)
	at org.springframework.beans.factory.support.AbstractAutowireCapableBeanFactory.doCreateBean(AbstractAutowireCapableBeanFactory.java:539)
	at org.springframework.beans.factory.support.AbstractAutowireCapableBeanFactory.createBean(AbstractAutowireCapableBeanFactory.java:475)
	at org.springframework.beans.factory.support.AbstractBeanFactory$1.getObject(AbstractBeanFactory.java:302)
	at org.springframework.beans.factory.support.DefaultSingletonBeanRegistry.getSingleton(DefaultSingletonBeanRegistry.java:228)
	at org.springframework.beans.factory.support.AbstractBeanFactory.doGetBean(AbstractBeanFactory.java:298)
	at org.springframework.beans.factory.support.AbstractBeanFactory.getBean(AbstractBeanFactory.java:198)
	at org.springframework.context.support.PostProcessorRegistrationDelegate.registerBeanPostProcessors(PostProcessorRegistrationDelegate.java:199)
	at org.springframework.context.support.AbstractApplicationContext.registerBeanPostProcessors(AbstractApplicationContext.java:620)
	at org.springframework.context.support.AbstractApplicationContext.refresh(AbstractApplicationContext.java:467)
	at org.codehaus.groovy.grails.commons.spring.DefaultRuntimeSpringConfiguration.getApplicationContext(DefaultRuntimeSpringConfiguration.java:156)
	at org.codehaus.groovy.grails.commons.spring.GrailsRuntimeConfigurator.initializeContext(GrailsRuntimeConfigurator.java:188)
	at org.codehaus.groovy.grails.commons.spring.GrailsRuntimeConfigurator.configure(GrailsRuntimeConfigurator.java:168)
	at org.codehaus.groovy.grails.commons.spring.GrailsRuntimeConfigurator.configure(GrailsRuntimeConfigurator.java:127)
	at org.codehaus.groovy.grails.web.context.GrailsConfigUtils.configureWebApplicationContext(GrailsConfigUtils.java:126)
	at org.codehaus.groovy.grails.web.context.GrailsContextLoaderListener.initWebApplicationContext(GrailsContextLoaderListener.java:109)
	at org.springframework.web.context.ContextLoaderListener.contextInitialized(ContextLoaderListener.java:106)
	at org.apache.catalina.core.StandardContext.listenerStart(StandardContext.java:4992)
	at org.apache.catalina.core.StandardContext.startInternal(StandardContext.java:5490)
	at org.apache.catalina.util.LifecycleBase.start(LifecycleBase.java:150)
	at org.apache.catalina.core.ContainerBase$StartChild.call(ContainerBase.java:1575)
	at org.apache.catalina.core.ContainerBase$StartChild.call(ContainerBase.java:1565)
	at java.util.concurrent.FutureTask.run(FutureTask.java:262)
	at java.util.concurrent.ThreadPoolExecutor.runWorker(ThreadPoolExecutor.java:1145)
	at java.util.concurrent.ThreadPoolExecutor$Worker.run(ThreadPoolExecutor.java:615)
	at java.lang.Thread.run(Thread.java:745)
2015-02-12 11:03:58,793 [localhost-startStop-1] ERROR StackTrace  - Full Stack Trace:
org.springframework.beans.factory.BeanCreationException: Error creating bean with name 'transactionManagerPostProcessor': Initialization of bean failed; nested exception is org.springframework.beans.factory.BeanCreationException: Error creating bean with name 'transactionManager': Cannot resolve reference to bean 'sessionFactory' while setting bean property 'sessionFactory'; nested exception is org.springframework.beans.factory.BeanCreationException: Error creating bean with name 'sessionFactory': Invocation of init method failed; nested exception is groovy.lang.MissingPropertyException: No such property: createdBy for class: com.linksharing.Topic
Possible solutions: createdBy
	at java.util.concurrent.FutureTask.run(FutureTask.java:262)
	at java.util.concurrent.ThreadPoolExecutor.runWorker(ThreadPoolExecutor.java:1145)
	at java.util.concurrent.ThreadPoolExecutor$Worker.run(ThreadPoolExecutor.java:615)
	at java.lang.Thread.run(Thread.java:745)
Caused by: org.springframework.beans.factory.BeanCreationException: Error creating bean with name 'transactionManager': Cannot resolve reference to bean 'sessionFactory' while setting bean property 'sessionFactory'; nested exception is org.springframework.beans.factory.BeanCreationException: Error creating bean with name 'sessionFactory': Invocation of init method failed; nested exception is groovy.lang.MissingPropertyException: No such property: createdBy for class: com.linksharing.Topic
Possible solutions: createdBy
	... 4 more
Caused by: org.springframework.beans.factory.BeanCreationException: Error creating bean with name 'sessionFactory': Invocation of init method failed; nested exception is groovy.lang.MissingPropertyException: No such property: createdBy for class: com.linksharing.Topic
Possible solutions: createdBy
	... 4 more
Caused by: groovy.lang.MissingPropertyException: No such property: createdBy for class: com.linksharing.Topic
Possible solutions: createdBy
	at com.linksharing.Topic$__clinit__closure1.doCall(Topic.groovy:10)
	... 4 more
2015-02-12 11:03:58,849 [localhost-startStop-1] ERROR StackTrace  - Full Stack Trace:
org.springframework.beans.factory.BeanCreationException: Error creating bean with name 'transactionManagerPostProcessor': Initialization of bean failed; nested exception is org.springframework.beans.factory.BeanCreationException: Error creating bean with name 'transactionManager': Cannot resolve reference to bean 'sessionFactory' while setting bean property 'sessionFactory'; nested exception is org.springframework.beans.factory.BeanCreationException: Error creating bean with name 'sessionFactory': Invocation of init method failed; nested exception is groovy.lang.MissingPropertyException: No such property: createdBy for class: com.linksharing.Topic
Possible solutions: createdBy
	at java.util.concurrent.FutureTask.run(FutureTask.java:262)
	at java.util.concurrent.ThreadPoolExecutor.runWorker(ThreadPoolExecutor.java:1145)
	at java.util.concurrent.ThreadPoolExecutor$Worker.run(ThreadPoolExecutor.java:615)
	at java.lang.Thread.run(Thread.java:745)
Caused by: org.springframework.beans.factory.BeanCreationException: Error creating bean with name 'transactionManager': Cannot resolve reference to bean 'sessionFactory' while setting bean property 'sessionFactory'; nested exception is org.springframework.beans.factory.BeanCreationException: Error creating bean with name 'sessionFactory': Invocation of init method failed; nested exception is groovy.lang.MissingPropertyException: No such property: createdBy for class: com.linksharing.Topic
Possible solutions: createdBy
	... 4 more
Caused by: org.springframework.beans.factory.BeanCreationException: Error creating bean with name 'sessionFactory': Invocation of init method failed; nested exception is groovy.lang.MissingPropertyException: No such property: createdBy for class: com.linksharing.Topic
Possible solutions: createdBy
	... 4 more
Caused by: groovy.lang.MissingPropertyException: No such property: createdBy for class: com.linksharing.Topic
Possible solutions: createdBy
	at com.linksharing.Topic$__clinit__closure1.doCall(Topic.groovy:10)
	... 4 more
2015-02-12 11:03:58,892 [localhost-startStop-1] ERROR StackTrace  - Full Stack Trace:
org.springframework.beans.factory.BeanCreationException: Error creating bean with name 'transactionManager': Cannot resolve reference to bean 'sessionFactory' while setting bean property 'sessionFactory'; nested exception is org.springframework.beans.factory.BeanCreationException: Error creating bean with name 'sessionFactory': Invocation of init method failed; nested exception is groovy.lang.MissingPropertyException: No such property: createdBy for class: com.linksharing.Topic
Possible solutions: createdBy
	at java.util.concurrent.FutureTask.run(FutureTask.java:262)
	at java.util.concurrent.ThreadPoolExecutor.runWorker(ThreadPoolExecutor.java:1145)
	at java.util.concurrent.ThreadPoolExecutor$Worker.run(ThreadPoolExecutor.java:615)
	at java.lang.Thread.run(Thread.java:745)
Caused by: org.springframework.beans.factory.BeanCreationException: Error creating bean with name 'sessionFactory': Invocation of init method failed; nested exception is groovy.lang.MissingPropertyException: No such property: createdBy for class: com.linksharing.Topic
Possible solutions: createdBy
	... 4 more
Caused by: groovy.lang.MissingPropertyException: No such property: createdBy for class: com.linksharing.Topic
Possible solutions: createdBy
	at com.linksharing.Topic$__clinit__closure1.doCall(Topic.groovy:10)
	... 4 more
2015-02-12 11:03:58,921 [localhost-startStop-1] ERROR StackTrace  - Full Stack Trace:
org.springframework.beans.factory.BeanCreationException: Error creating bean with name 'sessionFactory': Invocation of init method failed; nested exception is groovy.lang.MissingPropertyException: No such property: createdBy for class: com.linksharing.Topic
Possible solutions: createdBy
	at java.util.concurrent.FutureTask.run(FutureTask.java:262)
	at java.util.concurrent.ThreadPoolExecutor.runWorker(ThreadPoolExecutor.java:1145)
	at java.util.concurrent.ThreadPoolExecutor$Worker.run(ThreadPoolExecutor.java:615)
	at java.lang.Thread.run(Thread.java:745)
Caused by: groovy.lang.MissingPropertyException: No such property: createdBy for class: com.linksharing.Topic
Possible solutions: createdBy
	at com.linksharing.Topic$__clinit__closure1.doCall(Topic.groovy:10)
	... 4 more
2015-02-12 11:03:58,948 [localhost-startStop-1] ERROR StackTrace  - Full Stack Trace:
groovy.lang.MissingPropertyException: No such property: createdBy for class: com.linksharing.Topic
Possible solutions: createdBy
	at com.linksharing.Topic$__clinit__closure1.doCall(Topic.groovy:10)
	at java.util.concurrent.FutureTask.run(FutureTask.java:262)
	at java.util.concurrent.ThreadPoolExecutor.runWorker(ThreadPoolExecutor.java:1145)
	at java.util.concurrent.ThreadPoolExecutor$Worker.run(ThreadPoolExecutor.java:615)
	at java.lang.Thread.run(Thread.java:745)
2015-02-12 11:03:58,954 [localhost-startStop-1] ERROR StackTrace  - Full Stack Trace:
org.springframework.beans.factory.BeanCreationException: Error creating bean with name 'transactionManagerPostProcessor': Initialization of bean failed; nested exception is org.springframework.beans.factory.BeanCreationException: Error creating bean with name 'transactionManager': Cannot resolve reference to bean 'sessionFactory' while setting bean property 'sessionFactory'; nested exception is org.springframework.beans.factory.BeanCreationException: Error creating bean with name 'sessionFactory': Invocation of init method failed; nested exception is groovy.lang.MissingPropertyException: No such property: createdBy for class: com.linksharing.Topic
Possible solutions: createdBy
	at java.util.concurrent.FutureTask.run(FutureTask.java:262)
	at java.util.concurrent.ThreadPoolExecutor.runWorker(ThreadPoolExecutor.java:1145)
	at java.util.concurrent.ThreadPoolExecutor$Worker.run(ThreadPoolExecutor.java:615)
	at java.lang.Thread.run(Thread.java:745)
Caused by: org.springframework.beans.factory.BeanCreationException: Error creating bean with name 'transactionManager': Cannot resolve reference to bean 'sessionFactory' while setting bean property 'sessionFactory'; nested exception is org.springframework.beans.factory.BeanCreationException: Error creating bean with name 'sessionFactory': Invocation of init method failed; nested exception is groovy.lang.MissingPropertyException: No such property: createdBy for class: com.linksharing.Topic
Possible solutions: createdBy
	... 4 more
Caused by: org.springframework.beans.factory.BeanCreationException: Error creating bean with name 'sessionFactory': Invocation of init method failed; nested exception is groovy.lang.MissingPropertyException: No such property: createdBy for class: com.linksharing.Topic
Possible solutions: createdBy
	... 4 more
Caused by: groovy.lang.MissingPropertyException: No such property: createdBy for class: com.linksharing.Topic
Possible solutions: createdBy
	at com.linksharing.Topic$__clinit__closure1.doCall(Topic.groovy:10)
	... 4 more
2015-02-12 11:03:59,030 [localhost-startStop-1] ERROR StackTrace  - Full Stack Trace:
org.springframework.beans.factory.BeanCreationException: Error creating bean with name 'transactionManagerPostProcessor': Initialization of bean failed; nested exception is org.springframework.beans.factory.BeanCreationException: Error creating bean with name 'transactionManager': Cannot resolve reference to bean 'sessionFactory' while setting bean property 'sessionFactory'; nested exception is org.springframework.beans.factory.BeanCreationException: Error creating bean with name 'sessionFactory': Invocation of init method failed; nested exception is groovy.lang.MissingPropertyException: No such property: createdBy for class: com.linksharing.Topic
Possible solutions: createdBy
	at java.util.concurrent.FutureTask.run(FutureTask.java:262)
	at java.util.concurrent.ThreadPoolExecutor.runWorker(ThreadPoolExecutor.java:1145)
	at java.util.concurrent.ThreadPoolExecutor$Worker.run(ThreadPoolExecutor.java:615)
	at java.lang.Thread.run(Thread.java:745)
Caused by: org.springframework.beans.factory.BeanCreationException: Error creating bean with name 'transactionManager': Cannot resolve reference to bean 'sessionFactory' while setting bean property 'sessionFactory'; nested exception is org.springframework.beans.factory.BeanCreationException: Error creating bean with name 'sessionFactory': Invocation of init method failed; nested exception is groovy.lang.MissingPropertyException: No such property: createdBy for class: com.linksharing.Topic
Possible solutions: createdBy
	... 4 more
Caused by: org.springframework.beans.factory.BeanCreationException: Error creating bean with name 'sessionFactory': Invocation of init method failed; nested exception is groovy.lang.MissingPropertyException: No such property: createdBy for class: com.linksharing.Topic
Possible solutions: createdBy
	... 4 more
Caused by: groovy.lang.MissingPropertyException: No such property: createdBy for class: com.linksharing.Topic
Possible solutions: createdBy
	at com.linksharing.Topic$__clinit__closure1.doCall(Topic.groovy:10)
	... 4 more
2015-02-12 11:03:59,082 [localhost-startStop-1] ERROR StackTrace  - Full Stack Trace:
org.springframework.beans.factory.BeanCreationException: Error creating bean with name 'transactionManager': Cannot resolve reference to bean 'sessionFactory' while setting bean property 'sessionFactory'; nested exception is org.springframework.beans.factory.BeanCreationException: Error creating bean with name 'sessionFactory': Invocation of init method failed; nested exception is groovy.lang.MissingPropertyException: No such property: createdBy for class: com.linksharing.Topic
Possible solutions: createdBy
	at java.util.concurrent.FutureTask.run(FutureTask.java:262)
	at java.util.concurrent.ThreadPoolExecutor.runWorker(ThreadPoolExecutor.java:1145)
	at java.util.concurrent.ThreadPoolExecutor$Worker.run(ThreadPoolExecutor.java:615)
	at java.lang.Thread.run(Thread.java:745)
Caused by: org.springframework.beans.factory.BeanCreationException: Error creating bean with name 'sessionFactory': Invocation of init method failed; nested exception is groovy.lang.MissingPropertyException: No such property: createdBy for class: com.linksharing.Topic
Possible solutions: createdBy
	... 4 more
Caused by: groovy.lang.MissingPropertyException: No such property: createdBy for class: com.linksharing.Topic
Possible solutions: createdBy
	at com.linksharing.Topic$__clinit__closure1.doCall(Topic.groovy:10)
	... 4 more
2015-02-12 11:03:59,085 [localhost-startStop-1] ERROR StackTrace  - Full Stack Trace:
org.springframework.beans.factory.BeanCreationException: Error creating bean with name 'sessionFactory': Invocation of init method failed; nested exception is groovy.lang.MissingPropertyException: No such property: createdBy for class: com.linksharing.Topic
Possible solutions: createdBy
	at java.util.concurrent.FutureTask.run(FutureTask.java:262)
	at java.util.concurrent.ThreadPoolExecutor.runWorker(ThreadPoolExecutor.java:1145)
	at java.util.concurrent.ThreadPoolExecutor$Worker.run(ThreadPoolExecutor.java:615)
	at java.lang.Thread.run(Thread.java:745)
Caused by: groovy.lang.MissingPropertyException: No such property: createdBy for class: com.linksharing.Topic
Possible solutions: createdBy
	at com.linksharing.Topic$__clinit__closure1.doCall(Topic.groovy:10)
	... 4 more
2015-02-12 11:03:59,100 [localhost-startStop-1] ERROR StackTrace  - Full Stack Trace:
groovy.lang.MissingPropertyException: No such property: createdBy for class: com.linksharing.Topic
Possible solutions: createdBy
	at com.linksharing.Topic$__clinit__closure1.doCall(Topic.groovy:10)
	at java.util.concurrent.FutureTask.run(FutureTask.java:262)
	at java.util.concurrent.ThreadPoolExecutor.runWorker(ThreadPoolExecutor.java:1145)
	at java.util.concurrent.ThreadPoolExecutor$Worker.run(ThreadPoolExecutor.java:615)
	at java.lang.Thread.run(Thread.java:745)
2015-02-12 11:03:59,102 [localhost-startStop-1] ERROR StackTrace  - Full Stack Trace:
org.springframework.beans.factory.BeanCreationException: Error creating bean with name 'transactionManagerPostProcessor': Initialization of bean failed; nested exception is org.springframework.beans.factory.BeanCreationException: Error creating bean with name 'transactionManager': Cannot resolve reference to bean 'sessionFactory' while setting bean property 'sessionFactory'; nested exception is org.springframework.beans.factory.BeanCreationException: Error creating bean with name 'sessionFactory': Invocation of init method failed; nested exception is groovy.lang.MissingPropertyException: No such property: createdBy for class: com.linksharing.Topic
Possible solutions: createdBy
	at java.util.concurrent.FutureTask.run(FutureTask.java:262)
	at java.util.concurrent.ThreadPoolExecutor.runWorker(ThreadPoolExecutor.java:1145)
	at java.util.concurrent.ThreadPoolExecutor$Worker.run(ThreadPoolExecutor.java:615)
	at java.lang.Thread.run(Thread.java:745)
Caused by: org.springframework.beans.factory.BeanCreationException: Error creating bean with name 'transactionManager': Cannot resolve reference to bean 'sessionFactory' while setting bean property 'sessionFactory'; nested exception is org.springframework.beans.factory.BeanCreationException: Error creating bean with name 'sessionFactory': Invocation of init method failed; nested exception is groovy.lang.MissingPropertyException: No such property: createdBy for class: com.linksharing.Topic
Possible solutions: createdBy
	... 4 more
Caused by: org.springframework.beans.factory.BeanCreationException: Error creating bean with name 'sessionFactory': Invocation of init method failed; nested exception is groovy.lang.MissingPropertyException: No such property: createdBy for class: com.linksharing.Topic
Possible solutions: createdBy
	... 4 more
Caused by: groovy.lang.MissingPropertyException: No such property: createdBy for class: com.linksharing.Topic
Possible solutions: createdBy
	at com.linksharing.Topic$__clinit__closure1.doCall(Topic.groovy:10)
	... 4 more
